5493812529853:ENCOLADO ans_670e9f7e-2f38-4400-9ee0-227a8665e722
EJECUTANDO:ans_670e9f7e-2f38-4400-9ee0-227a8665e722
5493812529853:SUCCESS
5493812529853:ENCOLADO ans_db7520bf-2c9a-4e04-84a2-71ad0b25f2ea
EJECUTANDO:ans_db7520bf-2c9a-4e04-84a2-71ad0b25f2ea
5493812529853:SUCCESS
5493814650028:ENCOLADO ans_670e9f7e-2f38-4400-9ee0-227a8665e722
EJECUTANDO:ans_670e9f7e-2f38-4400-9ee0-227a8665e722
5493814650028:SUCCESS
5493814650028:ENCOLADO ans_db7520bf-2c9a-4e04-84a2-71ad0b25f2ea
EJECUTANDO:ans_db7520bf-2c9a-4e04-84a2-71ad0b25f2ea
5493814650028:SUCCESS
5493814650028:ENCOLADO ans_3b9934c0-7b97-4209-b2fa-da9379b86a62
EJECUTANDO:ans_3b9934c0-7b97-4209-b2fa-da9379b86a62
5493814650028:SUCCESS
5493814650028:ENCOLADO ans_d997ad53-5ae5-48b7-a454-da8a746cc7fc
EJECUTANDO:ans_d997ad53-5ae5-48b7-a454-da8a746cc7fc
5493814650028:SUCCESS
5493814650028:ENCOLADO ans_cc3ab049-5380-4034-9bf3-10fe490a4c9a
EJECUTANDO:ans_cc3ab049-5380-4034-9bf3-10fe490a4c9a
5493814650028:SUCCESS
5493814650028:ENCOLADO ans_890915a0-092f-4113-b8f4-f28688f12a68
EJECUTANDO:ans_890915a0-092f-4113-b8f4-f28688f12a68
5493814650028:SUCCESS
5493814650028:ENCOLADO ans_c03ed54d-b91a-496e-aba3-eb97e5084ae4
EJECUTANDO:ans_c03ed54d-b91a-496e-aba3-eb97e5084ae4
5493814650028:SUCCESS
5493816502896:ENCOLADO ans_670e9f7e-2f38-4400-9ee0-227a8665e722
EJECUTANDO:ans_670e9f7e-2f38-4400-9ee0-227a8665e722
5493816502896:SUCCESS
5493816502896:ENCOLADO ans_db7520bf-2c9a-4e04-84a2-71ad0b25f2ea
EJECUTANDO:ans_db7520bf-2c9a-4e04-84a2-71ad0b25f2ea
5493816502896:SUCCESS
5493816502896:ENCOLADO ans_3b9934c0-7b97-4209-b2fa-da9379b86a62
EJECUTANDO:ans_3b9934c0-7b97-4209-b2fa-da9379b86a62
5493816502896:SUCCESS
5493816502896:ENCOLADO ans_d877652a-cfbd-4eb8-bb30-e7048d4ddf42
EJECUTANDO:ans_d877652a-cfbd-4eb8-bb30-e7048d4ddf42
5493816502896:SUCCESS
5493816502896:ENCOLADO ans_1ec92993-1375-4363-9210-36f792f0cf7a
EJECUTANDO:ans_1ec92993-1375-4363-9210-36f792f0cf7a
5493816502896:SUCCESS
5493816502896:ENCOLADO ans_1377be24-e164-417c-95d4-1a75ce1d1e00
EJECUTANDO:ans_1377be24-e164-417c-95d4-1a75ce1d1e00
5493816502896:SUCCESS
5493812529853:ENCOLADO ans_3b9934c0-7b97-4209-b2fa-da9379b86a62
EJECUTANDO:ans_3b9934c0-7b97-4209-b2fa-da9379b86a62
5493812529853:SUCCESS
5493813541077:ENCOLADO ans_670e9f7e-2f38-4400-9ee0-227a8665e722
EJECUTANDO:ans_670e9f7e-2f38-4400-9ee0-227a8665e722
5493813541077:SUCCESS
5493813541077:ENCOLADO ans_db7520bf-2c9a-4e04-84a2-71ad0b25f2ea
EJECUTANDO:ans_db7520bf-2c9a-4e04-84a2-71ad0b25f2ea
5493813541077:SUCCESS
5493813541077:ENCOLADO ans_3b9934c0-7b97-4209-b2fa-da9379b86a62
EJECUTANDO:ans_3b9934c0-7b97-4209-b2fa-da9379b86a62
5493813541077:SUCCESS
5493813541077:ENCOLADO ans_d877652a-cfbd-4eb8-bb30-e7048d4ddf42
EJECUTANDO:ans_d877652a-cfbd-4eb8-bb30-e7048d4ddf42
5493813541077:SUCCESS
5493813541077:ENCOLADO ans_1ec92993-1375-4363-9210-36f792f0cf7a
EJECUTANDO:ans_1ec92993-1375-4363-9210-36f792f0cf7a
5493813541077:SUCCESS
5493813541077:ENCOLADO ans_1377be24-e164-417c-95d4-1a75ce1d1e00
EJECUTANDO:ans_1377be24-e164-417c-95d4-1a75ce1d1e00
5493813541077:SUCCESS
5493813541077:ENCOLADO ans_4dcc20b5-852d-4667-b89e-b98f46d224b5
EJECUTANDO:ans_4dcc20b5-852d-4667-b89e-b98f46d224b5
5493813541077:SUCCESS
5493813541077:ENCOLADO ans_670e9f7e-2f38-4400-9ee0-227a8665e722
EJECUTANDO:ans_670e9f7e-2f38-4400-9ee0-227a8665e722
5493813541077:SUCCESS
5493813541077:ENCOLADO ans_db7520bf-2c9a-4e04-84a2-71ad0b25f2ea
EJECUTANDO:ans_db7520bf-2c9a-4e04-84a2-71ad0b25f2ea
5493813541077:SUCCESS
